This is pdfTeX, Version 3.141592653-2.6-1.40.24 (TeX Live 2022/Debian) (preloaded format=pdflatex 2024.11.11)  7 DEC 2024 15:41
entering extended mode
 restricted \write18 enabled.
 %&-line parsing enabled.
**judgment.tex
(./judgment.tex
LaTeX2e <2022-11-01> patch level 1
L3 programming layer <2023-01-16>)
! Emergency stop.
<*> judgment.tex
                
*** (job aborted, no legal \end found)

 
Here is how much of TeX's memory you used:
 16 strings out of 476091
 394 string characters out of 5794080
 1849330 words of memory out of 5000000
 20499 multiletter control sequences out of 15000+600000
 512287 words of font info for 32 fonts, out of 8000000 for 9000
 1141 hyphenation exceptions out of 8191
 13i,0n,12p,44b,10s stack positions out of 10000i,1000n,20000p,200000b,200000s
!  ==> Fatal error occurred, no output PDF file produced!
